# JRE version: OpenJDK Runtime Environment Microsoft-8035246 (17.0.8+7) (build 17.0.8+7-LTS)
# Java VM: OpenJDK 64-Bit Server VM Microsoft-8035246 (17.0.8+7-LTS, mixed mode, sharing, tiered, compressed oops, compressed class ptrs, g1 gc, windows-amd64)
GC Precious Log:
 CPUs: 4 total, 4 available
 Memory: 6078M
 Large Page Support: Disabled
 NUMA Support: Disabled
 Compressed Oops: Enabled (32-bit)
 Heap Region Size: 1M
 Heap Min Capacity: 8M
 Heap Initial Capacity: 96M
 Heap Max Capacity: 2G
 Pre-touch: Disabled
 Parallel Workers: 4
 Concurrent Workers: 1
 Concurrent Refinement Workers: 4
 Periodic GC: Disabled
Heap:
 garbage-first heap   total 260096K, used 169177K [0x0000000080000000, 0x0000000100000000)
  region size 1024K, 52 young (53248K), 10 survivors (10240K)
 Metaspace       used 101653K, committed 102656K, reserved 557056K
  class space    used 14100K, committed 14592K, reserved 425984K
GC Heap History (20 events):
Event: 21.801 GC heap before
{Heap before GC invocations=32 (full 0):
 garbage-first heap   total 126976K, used 102362K [0x0000000080000000, 0x0000000100000000)
  region size 1024K, 30 young (30720K), 1 survivors (1024K)
 Metaspace       used 74209K, committed 74944K, reserved 491520K
  class space    used 10364K, committed 10752K, reserved 425984K
}
Event: 21.807 GC heap after
{Heap after GC invocations=33 (full 0):
 garbage-first heap   total 126976K, used 74932K [0x0000000080000000, 0x0000000100000000)
  region size 1024K, 3 young (3072K), 3 survivors (3072K)
 Metaspace       used 74209K, committed 74944K, reserved 491520K
  class space    used 10364K, committed 10752K, reserved 425984K
}
Event: 25.008 GC heap before
{Heap before GC invocations=34 (full 0):
 garbage-first heap   total 130048K, used 102580K [0x0000000080000000, 0x0000000100000000)
  region size 1024K, 31 young (31744K), 3 survivors (3072K)
 Metaspace       used 76067K, committed 76864K, reserved 557056K
  class space    used 10717K, committed 11072K, reserved 425984K
}
Event: 25.019 GC heap after
{Heap after GC invocations=35 (full 0):
 garbage-first heap   total 260096K, used 78574K [0x0000000080000000, 0x0000000100000000)
  region size 1024K, 4 young (4096K), 4 survivors (4096K)
 Metaspace       used 76067K, committed 76864K, reserved 557056K
  class space    used 10717K, committed 11072K, reserved 425984K
}
Event: 25.191 GC heap before
{Heap before GC invocations=35 (full 0):
 garbage-first heap   total 260096K, used 85742K [0x0000000080000000, 0x0000000100000000)
  region size 1024K, 12 young (12288K), 4 survivors (4096K)
 Metaspace       used 76135K, committed 76864K, reserved 557056K
  class space    used 10718K, committed 11072K, reserved 425984K
}
Event: 25.196 GC heap after
{Heap after GC invocations=36 (full 0):
 garbage-first heap   total 260096K, used 78848K [0x0000000080000000, 0x0000000100000000)
  region size 1024K, 2 young (2048K), 2 survivors (2048K)
 Metaspace       used 76135K, committed 76864K, reserved 557056K
  class space    used 10718K, committed 11072K, reserved 425984K
}
Event: 29.663 GC heap before
{Heap before GC invocations=36 (full 0):
 garbage-first heap   total 260096K, used 191488K [0x0000000080000000, 0x0000000100000000)
  region size 1024K, 113 young (115712K), 2 survivors (2048K)
 Metaspace       used 78018K, committed 78848K, reserved 557056K
  class space    used 10903K, committed 11328K, reserved 425984K
}
Event: 29.689 GC heap after
{Heap after GC invocations=37 (full 0):
 garbage-first heap   total 260096K, used 85962K [0x0000000080000000, 0x0000000100000000)
  region size 1024K, 9 young (9216K), 9 survivors (9216K)
 Metaspace       used 78018K, committed 78848K, reserved 557056K
  class space    used 10903K, committed 11328K, reserved 425984K
}
Event: 31.868 GC heap before
{Heap before GC invocations=37 (full 0):
 garbage-first heap   total 260096K, used 200650K [0x0000000080000000, 0x0000000100000000)
  region size 1024K, 114 young (116736K), 9 survivors (9216K)
 Metaspace       used 79586K, committed 80448K, reserved 557056K
  class space    used 11101K, committed 11520K, reserved 425984K
}
Event: 31.888 GC heap after
{Heap after GC invocations=38 (full 0):
 garbage-first heap   total 260096K, used 99813K [0x0000000080000000, 0x0000000100000000)
  region size 1024K, 10 young (10240K), 10 survivors (10240K)
 Metaspace       used 79586K, committed 80448K, reserved 557056K
  class space    used 11101K, committed 11520K, reserved 425984K
}
Event: 33.382 GC heap before
{Heap before GC invocations=38 (full 0):
 garbage-first heap   total 260096K, used 204261K [0x0000000080000000, 0x0000000100000000)
  region size 1024K, 107 young (109568K), 10 survivors (10240K)
 Metaspace       used 86406K, committed 87424K, reserved 557056K
  class space    used 11863K, committed 12352K, reserved 425984K
}
Event: 33.398 GC heap after
{Heap after GC invocations=39 (full 0):
 garbage-first heap   total 260096K, used 107846K [0x0000000080000000, 0x0000000100000000)
  region size 1024K, 7 young (7168K), 7 survivors (7168K)
 Metaspace       used 86406K, committed 87424K, reserved 557056K
  class space    used 11863K, committed 12352K, reserved 425984K
}
Event: 35.242 GC heap before
{Heap before GC invocations=39 (full 0):
 garbage-first heap   total 260096K, used 207174K [0x0000000080000000, 0x0000000100000000)
  region size 1024K, 102 young (104448K), 7 survivors (7168K)
 Metaspace       used 91930K, committed 92928K, reserved 557056K
  class space    used 12632K, committed 13120K, reserved 425984K
}
Event: 35.267 GC heap after
{Heap after GC invocations=40 (full 0):
 garbage-first heap   total 260096K, used 113857K [0x0000000080000000, 0x0000000100000000)
  region size 1024K, 11 young (11264K), 11 survivors (11264K)
 Metaspace       used 91930K, committed 92928K, reserved 557056K
  class space    used 12632K, committed 13120K, reserved 425984K
}
Event: 37.078 GC heap before
{Heap before GC invocations=40 (full 0):
 garbage-first heap   total 260096K, used 210113K [0x0000000080000000, 0x0000000100000000)
  region size 1024K, 104 young (106496K), 11 survivors (11264K)
 Metaspace       used 96360K, committed 97344K, reserved 557056K
  class space    used 13265K, committed 13696K, reserved 425984K
}
Event: 37.092 GC heap after
{Heap after GC invocations=41 (full 0):
 garbage-first heap   total 260096K, used 118113K [0x0000000080000000, 0x0000000100000000)
  region size 1024K, 9 young (9216K), 9 survivors (9216K)
 Metaspace       used 96360K, committed 97344K, reserved 557056K
  class space    used 13265K, committed 13696K, reserved 425984K
}
Event: 39.399 GC heap before
{Heap before GC invocations=41 (full 0):
 garbage-first heap   total 260096K, used 211297K [0x0000000080000000, 0x0000000100000000)
  region size 1024K, 100 young (102400K), 9 survivors (9216K)
 Metaspace       used 101529K, committed 102528K, reserved 557056K
  class space    used 14096K, committed 14592K, reserved 425984K
}
Event: 39.415 GC heap after
{Heap after GC invocations=42 (full 0):
 garbage-first heap   total 260096K, used 123295K [0x0000000080000000, 0x0000000100000000)
  region size 1024K, 10 young (10240K), 10 survivors (10240K)
 Metaspace       used 101529K, committed 102528K, reserved 557056K
  class space    used 14096K, committed 14592K, reserved 425984K
}
Event: 40.845 GC heap before
{Heap before GC invocations=42 (full 0):
 garbage-first heap   total 260096K, used 212383K [0x0000000080000000, 0x0000000100000000)
  region size 1024K, 98 young (100352K), 10 survivors (10240K)
 Metaspace       used 101653K, committed 102656K, reserved 557056K
  class space    used 14100K, committed 14592K, reserved 425984K
}
Event: 40.865 GC heap after
{Heap after GC invocations=43 (full 0):
 garbage-first heap   total 260096K, used 128217K [0x0000000080000000, 0x0000000100000000)
  region size 1024K, 10 young (10240K), 10 survivors (10240K)
 Metaspace       used 101653K, committed 102656K, reserved 557056K
  class space    used 14100K, committed 14592K, reserved 425984K
}

